{"/Users/yagizulasoglu/Desktop/Rithm-Codes/express-jobly/app.js": {"path":"/Users/yagizulasoglu/Desktop/Rithm-Codes/express-jobly/app.js","statementMap":{"0":{"start":{"line":5,"column":16},"end":{"line":5,"column":34}},"1":{"start":{"line":6,"column":13},"end":{"line":6,"column":28}},"2":{"start":{"line":8,"column":26},"end":{"line":8,"column":51}},"3":{"start":{"line":10,"column":28},"end":{"line":10,"column":56}},"4":{"start":{"line":11,"column":19},"end":{"line":11,"column":43}},"5":{"start":{"line":12,"column":24},"end":{"line":12,"column":53}},"6":{"start":{"line":13,"column":20},"end":{"line":13,"column":45}},"7":{"start":{"line":15,"column":15},"end":{"line":15,"column":32}},"8":{"start":{"line":17,"column":12},"end":{"line":17,"column":21}},"9":{"start":{"line":20,"column":0},"end":{"line":20,"column":16}},"10":{"start":{"line":21,"column":0},"end":{"line":21,"column":24}},"11":{"start":{"line":22,"column":0},"end":{"line":22,"column":24}},"12":{"start":{"line":23,"column":0},"end":{"line":23,"column":25}},"13":{"start":{"line":25,"column":0},"end":{"line":25,"column":29}},"14":{"start":{"line":26,"column":0},"end":{"line":26,"column":39}},"15":{"start":{"line":27,"column":0},"end":{"line":27,"column":31}},"16":{"start":{"line":31,"column":0},"end":{"line":33,"column":3}},"17":{"start":{"line":32,"column":2},"end":{"line":32,"column":28}},"18":{"start":{"line":36,"column":0},"end":{"line":45,"column":3}},"19":{"start":{"line":37,"column":2},"end":{"line":37,"column":64}},"20":{"start":{"line":37,"column":39},"end":{"line":37,"column":64}},"21":{"start":{"line":40,"column":18},"end":{"line":40,"column":29}},"22":{"start":{"line":42,"column":2},"end":{"line":44,"column":5}},"23":{"start":{"line":47,"column":0},"end":{"line":47,"column":21}}},"fnMap":{"0":{"name":"(anonymous_0)","decl":{"start":{"line":31,"column":8},"end":{"line":31,"column":9}},"loc":{"start":{"line":31,"column":34},"end":{"line":33,"column":1}},"line":31},"1":{"name":"(anonymous_1)","decl":{"start":{"line":36,"column":8},"end":{"line":36,"column":9}},"loc":{"start":{"line":36,"column":39},"end":{"line":45,"column":1}},"line":36}},"branchMap":{"0":{"loc":{"start":{"line":37,"column":2},"end":{"line":37,"column":64}},"type":"if","locations":[{"start":{"line":37,"column":2},"end":{"line":37,"column":64}},{"start":{},"end":{}}],"line":37}},"s":{"0":4,"1":4,"2":4,"3":4,"4":4,"5":4,"6":4,"7":4,"8":4,"9":4,"10":4,"11":4,"12":4,"13":4,"14":4,"15":4,"16":4,"17":2,"18":4,"19":30,"20":1,"21":30,"22":30,"23":4},"f":{"0":2,"1":30},"b":{"0":[1,29]},"_coverageSchema":"1a1c01bbd47fc00a2c39e90264f33305004495a9","hash":"84d69c6f9e95fd5b9376905086a68ecfcdea4869"}
,"/Users/yagizulasoglu/Desktop/Rithm-Codes/express-jobly/config.js": {"path":"/Users/yagizulasoglu/Desktop/Rithm-Codes/express-jobly/config.js","statementMap":{"0":{"start":{"line":5,"column":0},"end":{"line":5,"column":27}},"1":{"start":{"line":6,"column":0},"end":{"line":6,"column":18}},"2":{"start":{"line":8,"column":19},"end":{"line":8,"column":57}},"3":{"start":{"line":10,"column":13},"end":{"line":10,"column":38}},"4":{"start":{"line":14,"column":2},"end":{"line":16,"column":58}},"5":{"start":{"line":21,"column":27},"end":{"line":21,"column":67}},"6":{"start":{"line":23,"column":0},"end":{"line":32,"column":1}},"7":{"start":{"line":24,"column":2},"end":{"line":31,"column":6}},"8":{"start":{"line":34,"column":0},"end":{"line":39,"column":2}}},"fnMap":{"0":{"name":"getDatabaseUri","decl":{"start":{"line":13,"column":9},"end":{"line":13,"column":23}},"loc":{"start":{"line":13,"column":26},"end":{"line":17,"column":1}},"line":13}},"branchMap":{"0":{"loc":{"start":{"line":8,"column":19},"end":{"line":8,"column":57}},"type":"binary-expr","locations":[{"start":{"line":8,"column":19},"end":{"line":8,"column":41}},{"start":{"line":8,"column":45},"end":{"line":8,"column":57}}],"line":8},"1":{"loc":{"start":{"line":10,"column":13},"end":{"line":10,"column":38}},"type":"binary-expr","locations":[{"start":{"line":10,"column":13},"end":{"line":10,"column":30}},{"start":{"line":10,"column":34},"end":{"line":10,"column":38}}],"line":10},"2":{"loc":{"start":{"line":14,"column":9},"end":{"line":16,"column":57}},"type":"cond-expr","locations":[{"start":{"line":15,"column":8},"end":{"line":15,"column":34}},{"start":{"line":16,"column":8},"end":{"line":16,"column":57}}],"line":14},"3":{"loc":{"start":{"line":16,"column":8},"end":{"line":16,"column":57}},"type":"binary-expr","locations":[{"start":{"line":16,"column":8},"end":{"line":16,"column":32}},{"start":{"line":16,"column":36},"end":{"line":16,"column":57}}],"line":16},"4":{"loc":{"start":{"line":21,"column":27},"end":{"line":21,"column":67}},"type":"cond-expr","locations":[{"start":{"line":21,"column":61},"end":{"line":21,"column":62}},{"start":{"line":21,"column":65},"end":{"line":21,"column":67}}],"line":21},"5":{"loc":{"start":{"line":23,"column":0},"end":{"line":32,"column":1}},"type":"if","locations":[{"start":{"line":23,"column":0},"end":{"line":32,"column":1}},{"start":{},"end":{}}],"line":23}},"s":{"0":9,"1":9,"2":9,"3":9,"4":10,"5":9,"6":9,"7":1,"8":9},"f":{"0":10},"b":{"0":[9,8],"1":[9,8],"2":[7,3],"3":[3,1],"4":[8,1],"5":[1,8]},"_coverageSchema":"1a1c01bbd47fc00a2c39e90264f33305004495a9","hash":"05a362db84d77fd5b8567a89c43e0b3051fb8d24"}
,"/Users/yagizulasoglu/Desktop/Rithm-Codes/express-jobly/db.js": {"path":"/Users/yagizulasoglu/Desktop/Rithm-Codes/express-jobly/db.js","statementMap":{"0":{"start":{"line":5,"column":19},"end":{"line":5,"column":32}},"1":{"start":{"line":6,"column":27},"end":{"line":6,"column":46}},"2":{"start":{"line":8,"column":20},"end":{"line":8,"column":36}},"3":{"start":{"line":10,"column":11},"end":{"line":12,"column":2}},"4":{"start":{"line":16,"column":25},"end":{"line":16,"column":43}},"5":{"start":{"line":17,"column":2},"end":{"line":23,"column":3}},"6":{"start":{"line":18,"column":4},"end":{"line":18,"column":23}},"7":{"start":{"line":19,"column":4},"end":{"line":19,"column":39}},"8":{"start":{"line":25,"column":0},"end":{"line":25,"column":12}},"9":{"start":{"line":27,"column":0},"end":{"line":27,"column":20}}},"fnMap":{"0":{"name":"connectDb","decl":{"start":{"line":14,"column":15},"end":{"line":14,"column":24}},"loc":{"start":{"line":14,"column":27},"end":{"line":24,"column":1}},"line":14}},"branchMap":{},"s":{"0":6,"1":6,"2":6,"3":6,"4":6,"5":6,"6":6,"7":6,"8":6,"9":6},"f":{"0":6},"b":{},"_coverageSchema":"1a1c01bbd47fc00a2c39e90264f33305004495a9","hash":"e6519f4ebdf30fbb114174303291dca3af7dfb9e"}
,"/Users/yagizulasoglu/Desktop/Rithm-Codes/express-jobly/expressError.js": {"path":"/Users/yagizulasoglu/Desktop/Rithm-Codes/express-jobly/expressError.js","statementMap":{"0":{"start":{"line":11,"column":4},"end":{"line":11,"column":12}},"1":{"start":{"line":12,"column":4},"end":{"line":12,"column":27}},"2":{"start":{"line":13,"column":4},"end":{"line":13,"column":25}},"3":{"start":{"line":21,"column":4},"end":{"line":21,"column":24}},"4":{"start":{"line":29,"column":4},"end":{"line":29,"column":24}},"5":{"start":{"line":37,"column":4},"end":{"line":37,"column":24}},"6":{"start":{"line":45,"column":4},"end":{"line":45,"column":24}},"7":{"start":{"line":49,"column":0},"end":{"line":55,"column":2}}},"fnMap":{"0":{"name":"(anonymous_0)","decl":{"start":{"line":10,"column":2},"end":{"line":10,"column":3}},"loc":{"start":{"line":10,"column":31},"end":{"line":14,"column":3}},"line":10},"1":{"name":"(anonymous_1)","decl":{"start":{"line":20,"column":2},"end":{"line":20,"column":3}},"loc":{"start":{"line":20,"column":37},"end":{"line":22,"column":3}},"line":20},"2":{"name":"(anonymous_2)","decl":{"start":{"line":28,"column":2},"end":{"line":28,"column":3}},"loc":{"start":{"line":28,"column":40},"end":{"line":30,"column":3}},"line":28},"3":{"name":"(anonymous_3)","decl":{"start":{"line":36,"column":2},"end":{"line":36,"column":3}},"loc":{"start":{"line":36,"column":39},"end":{"line":38,"column":3}},"line":36},"4":{"name":"(anonymous_4)","decl":{"start":{"line":44,"column":2},"end":{"line":44,"column":3}},"loc":{"start":{"line":44,"column":37},"end":{"line":46,"column":3}},"line":44}},"branchMap":{"0":{"loc":{"start":{"line":20,"column":14},"end":{"line":20,"column":35}},"type":"default-arg","locations":[{"start":{"line":20,"column":24},"end":{"line":20,"column":35}}],"line":20},"1":{"loc":{"start":{"line":28,"column":14},"end":{"line":28,"column":38}},"type":"default-arg","locations":[{"start":{"line":28,"column":24},"end":{"line":28,"column":38}}],"line":28},"2":{"loc":{"start":{"line":36,"column":14},"end":{"line":36,"column":37}},"type":"default-arg","locations":[{"start":{"line":36,"column":24},"end":{"line":36,"column":37}}],"line":36},"3":{"loc":{"start":{"line":44,"column":14},"end":{"line":44,"column":35}},"type":"default-arg","locations":[{"start":{"line":44,"column":24},"end":{"line":44,"column":35}}],"line":44}},"s":{"0":46,"1":46,"2":46,"3":14,"4":13,"5":19,"6":0,"7":8},"f":{"0":46,"1":14,"2":13,"3":19,"4":0},"b":{"0":[2],"1":[9],"2":[0],"3":[0]},"_coverageSchema":"1a1c01bbd47fc00a2c39e90264f33305004495a9","hash":"6edf9ddc9f8b5694dc0226b07dcea7fea7fe1b40"}
,"/Users/yagizulasoglu/Desktop/Rithm-Codes/express-jobly/helpers/sql.js": {"path":"/Users/yagizulasoglu/Desktop/Rithm-Codes/express-jobly/helpers/sql.js","statementMap":{"0":{"start":{"line":3,"column":28},"end":{"line":3,"column":54}},"1":{"start":{"line":13,"column":15},"end":{"line":13,"column":40}},"2":{"start":{"line":14,"column":2},"end":{"line":14,"column":62}},"3":{"start":{"line":14,"column":25},"end":{"line":14,"column":62}},"4":{"start":{"line":18,"column":15},"end":{"line":20,"column":3}},"5":{"start":{"line":19,"column":6},"end":{"line":19,"column":52}},"6":{"start":{"line":23,"column":2},"end":{"line":26,"column":4}},"7":{"start":{"line":29,"column":0},"end":{"line":29,"column":41}}},"fnMap":{"0":{"name":"sqlForPartialUpdate","decl":{"start":{"line":12,"column":9},"end":{"line":12,"column":28}},"loc":{"start":{"line":12,"column":52},"end":{"line":27,"column":1}},"line":12},"1":{"name":"(anonymous_1)","decl":{"start":{"line":18,"column":24},"end":{"line":18,"column":25}},"loc":{"start":{"line":19,"column":6},"end":{"line":19,"column":52}},"line":19}},"branchMap":{"0":{"loc":{"start":{"line":14,"column":2},"end":{"line":14,"column":62}},"type":"if","locations":[{"start":{"line":14,"column":2},"end":{"line":14,"column":62}},{"start":{},"end":{}}],"line":14},"1":{"loc":{"start":{"line":19,"column":10},"end":{"line":19,"column":37}},"type":"binary-expr","locations":[{"start":{"line":19,"column":10},"end":{"line":19,"column":26}},{"start":{"line":19,"column":30},"end":{"line":19,"column":37}}],"line":19}},"s":{"0":7,"1":16,"2":16,"3":3,"4":13,"5":28,"6":13,"7":7},"f":{"0":16,"1":28},"b":{"0":[3,13],"1":[28,13]},"_coverageSchema":"1a1c01bbd47fc00a2c39e90264f33305004495a9","hash":"bd0ee530d1aefe25b2a419756c1c946265e9565a"}
,"/Users/yagizulasoglu/Desktop/Rithm-Codes/express-jobly/helpers/tokens.js": {"path":"/Users/yagizulasoglu/Desktop/Rithm-Codes/express-jobly/helpers/tokens.js","statementMap":{"0":{"start":{"line":3,"column":12},"end":{"line":3,"column":35}},"1":{"start":{"line":4,"column":23},"end":{"line":4,"column":43}},"2":{"start":{"line":9,"column":16},"end":{"line":12,"column":3}},"3":{"start":{"line":14,"column":2},"end":{"line":14,"column":39}},"4":{"start":{"line":17,"column":0},"end":{"line":17,"column":33}}},"fnMap":{"0":{"name":"createToken","decl":{"start":{"line":8,"column":9},"end":{"line":8,"column":20}},"loc":{"start":{"line":8,"column":27},"end":{"line":15,"column":1}},"line":8}},"branchMap":{},"s":{"0":5,"1":5,"2":10,"3":10,"4":5},"f":{"0":10},"b":{},"_coverageSchema":"1a1c01bbd47fc00a2c39e90264f33305004495a9","hash":"39124f67832bd09ef4780c1f1a1ca00eb13dd58b"}
,"/Users/yagizulasoglu/Desktop/Rithm-Codes/express-jobly/middleware/auth.js": {"path":"/Users/yagizulasoglu/Desktop/Rithm-Codes/express-jobly/middleware/auth.js","statementMap":{"0":{"start":{"line":5,"column":12},"end":{"line":5,"column":35}},"1":{"start":{"line":6,"column":23},"end":{"line":6,"column":43}},"2":{"start":{"line":7,"column":30},"end":{"line":7,"column":56}},"3":{"start":{"line":19,"column":21},"end":{"line":19,"column":47}},"4":{"start":{"line":20,"column":2},"end":{"line":28,"column":3}},"5":{"start":{"line":21,"column":18},"end":{"line":21,"column":62}},"6":{"start":{"line":23,"column":4},"end":{"line":27,"column":5}},"7":{"start":{"line":24,"column":6},"end":{"line":24,"column":54}},"8":{"start":{"line":29,"column":2},"end":{"line":29,"column":16}},"9":{"start":{"line":39,"column":2},"end":{"line":39,"column":47}},"10":{"start":{"line":39,"column":33},"end":{"line":39,"column":47}},"11":{"start":{"line":40,"column":2},"end":{"line":40,"column":32}},"12":{"start":{"line":44,"column":0},"end":{"line":47,"column":2}}},"fnMap":{"0":{"name":"authenticateJWT","decl":{"start":{"line":18,"column":9},"end":{"line":18,"column":24}},"loc":{"start":{"line":18,"column":41},"end":{"line":31,"column":1}},"line":18},"1":{"name":"ensureLoggedIn","decl":{"start":{"line":38,"column":9},"end":{"line":38,"column":23}},"loc":{"start":{"line":38,"column":40},"end":{"line":41,"column":1}},"line":38}},"branchMap":{"0":{"loc":{"start":{"line":20,"column":2},"end":{"line":28,"column":3}},"type":"if","locations":[{"start":{"line":20,"column":2},"end":{"line":28,"column":3}},{"start":{},"end":{}}],"line":20},"1":{"loc":{"start":{"line":39,"column":2},"end":{"line":39,"column":47}},"type":"if","locations":[{"start":{"line":39,"column":2},"end":{"line":39,"column":47}},{"start":{},"end":{}}],"line":39}},"s":{"0":5,"1":5,"2":5,"3":49,"4":49,"5":24,"6":24,"7":24,"8":49,"9":32,"10":23,"11":9,"12":5},"f":{"0":49,"1":32},"b":{"0":[24,25],"1":[23,9]},"_coverageSchema":"1a1c01bbd47fc00a2c39e90264f33305004495a9","hash":"be58fc20422032b5de32d7e77a96ba0fe630415c"}
,"/Users/yagizulasoglu/Desktop/Rithm-Codes/express-jobly/models/_testCommon.js": {"path":"/Users/yagizulasoglu/Desktop/Rithm-Codes/express-jobly/models/_testCommon.js","statementMap":{"0":{"start":{"line":3,"column":15},"end":{"line":3,"column":32}},"1":{"start":{"line":5,"column":11},"end":{"line":5,"column":30}},"2":{"start":{"line":6,"column":31},"end":{"line":6,"column":51}},"3":{"start":{"line":10,"column":2},"end":{"line":10,"column":42}},"4":{"start":{"line":12,"column":2},"end":{"line":12,"column":38}},"5":{"start":{"line":14,"column":2},"end":{"line":18,"column":57}},"6":{"start":{"line":20,"column":2},"end":{"line":31,"column":5}},"7":{"start":{"line":35,"column":2},"end":{"line":35,"column":26}},"8":{"start":{"line":39,"column":2},"end":{"line":39,"column":29}},"9":{"start":{"line":43,"column":2},"end":{"line":43,"column":17}},"10":{"start":{"line":47,"column":0},"end":{"line":52,"column":2}}},"fnMap":{"0":{"name":"commonBeforeAll","decl":{"start":{"line":8,"column":15},"end":{"line":8,"column":30}},"loc":{"start":{"line":8,"column":33},"end":{"line":32,"column":1}},"line":8},"1":{"name":"commonBeforeEach","decl":{"start":{"line":34,"column":15},"end":{"line":34,"column":31}},"loc":{"start":{"line":34,"column":34},"end":{"line":36,"column":1}},"line":34},"2":{"name":"commonAfterEach","decl":{"start":{"line":38,"column":15},"end":{"line":38,"column":30}},"loc":{"start":{"line":38,"column":33},"end":{"line":40,"column":1}},"line":38},"3":{"name":"commonAfterAll","decl":{"start":{"line":42,"column":15},"end":{"line":42,"column":29}},"loc":{"start":{"line":42,"column":32},"end":{"line":44,"column":1}},"line":42}},"branchMap":{},"s":{"0":2,"1":2,"2":2,"3":2,"4":2,"5":2,"6":2,"7":29,"8":29,"9":2,"10":2},"f":{"0":2,"1":29,"2":29,"3":2},"b":{},"_coverageSchema":"1a1c01bbd47fc00a2c39e90264f33305004495a9","hash":"10474e2c771035ebde95d15db6c500eac12836c7"}
,"/Users/yagizulasoglu/Desktop/Rithm-Codes/express-jobly/models/company.js": {"path":"/Users/yagizulasoglu/Desktop/Rithm-Codes/express-jobly/models/company.js","statementMap":{"0":{"start":{"line":3,"column":11},"end":{"line":3,"column":27}},"1":{"start":{"line":4,"column":43},"end":{"line":4,"column":69}},"2":{"start":{"line":5,"column":32},"end":{"line":5,"column":57}},"3":{"start":{"line":20,"column":27},"end":{"line":23,"column":37}},"4":{"start":{"line":25,"column":4},"end":{"line":26,"column":64}},"5":{"start":{"line":26,"column":6},"end":{"line":26,"column":64}},"6":{"start":{"line":28,"column":19},"end":{"line":47,"column":5}},"7":{"start":{"line":48,"column":20},"end":{"line":48,"column":34}},"8":{"start":{"line":50,"column":4},"end":{"line":50,"column":19}},"9":{"start":{"line":62,"column":4},"end":{"line":64,"column":5}},"10":{"start":{"line":63,"column":6},"end":{"line":63,"column":84}},"11":{"start":{"line":65,"column":17},"end":{"line":65,"column":35}},"12":{"start":{"line":67,"column":24},"end":{"line":67,"column":55}},"13":{"start":{"line":71,"column":21},"end":{"line":74,"column":22}},"14":{"start":{"line":76,"column":19},"end":{"line":76,"column":39}},"15":{"start":{"line":78,"column":19},"end":{"line":78,"column":57}},"16":{"start":{"line":81,"column":4},"end":{"line":81,"column":23}},"17":{"start":{"line":111,"column":25},"end":{"line":120,"column":6}},"18":{"start":{"line":112,"column":6},"end":{"line":119,"column":7}},"19":{"start":{"line":113,"column":8},"end":{"line":113,"column":48}},"20":{"start":{"line":114,"column":13},"end":{"line":119,"column":7}},"21":{"start":{"line":115,"column":8},"end":{"line":115,"column":48}},"22":{"start":{"line":116,"column":13},"end":{"line":119,"column":7}},"23":{"start":{"line":117,"column":8},"end":{"line":117,"column":47}},"24":{"start":{"line":118,"column":8},"end":{"line":118,"column":42}},"25":{"start":{"line":122,"column":4},"end":{"line":124,"column":5}},"26":{"start":{"line":123,"column":6},"end":{"line":123,"column":28}},"27":{"start":{"line":126,"column":22},"end":{"line":126,"column":48}},"28":{"start":{"line":127,"column":4},"end":{"line":129,"column":5}},"29":{"start":{"line":128,"column":6},"end":{"line":128,"column":43}},"30":{"start":{"line":132,"column":4},"end":{"line":132,"column":23}},"31":{"start":{"line":181,"column":23},"end":{"line":188,"column":37}},"32":{"start":{"line":190,"column":20},"end":{"line":190,"column":38}},"33":{"start":{"line":192,"column":4},"end":{"line":192,"column":67}},"34":{"start":{"line":192,"column":18},"end":{"line":192,"column":67}},"35":{"start":{"line":194,"column":4},"end":{"line":194,"column":19}},"36":{"start":{"line":210,"column":32},"end":{"line":215,"column":8}},"37":{"start":{"line":216,"column":25},"end":{"line":216,"column":50}},"38":{"start":{"line":218,"column":21},"end":{"line":227,"column":34}},"39":{"start":{"line":228,"column":19},"end":{"line":228,"column":64}},"40":{"start":{"line":229,"column":20},"end":{"line":229,"column":34}},"41":{"start":{"line":231,"column":4},"end":{"line":231,"column":67}},"42":{"start":{"line":231,"column":18},"end":{"line":231,"column":67}},"43":{"start":{"line":233,"column":4},"end":{"line":233,"column":19}},"44":{"start":{"line":242,"column":19},"end":{"line":246,"column":36}},"45":{"start":{"line":247,"column":20},"end":{"line":247,"column":34}},"46":{"start":{"line":249,"column":4},"end":{"line":249,"column":67}},"47":{"start":{"line":249,"column":18},"end":{"line":249,"column":67}},"48":{"start":{"line":254,"column":0},"end":{"line":254,"column":25}}},"fnMap":{"0":{"name":"(anonymous_0)","decl":{"start":{"line":19,"column":2},"end":{"line":19,"column":3}},"loc":{"start":{"line":19,"column":76},"end":{"line":51,"column":3}},"line":19},"1":{"name":"(anonymous_1)","decl":{"start":{"line":59,"column":2},"end":{"line":59,"column":3}},"loc":{"start":{"line":59,"column":30},"end":{"line":98,"column":3}},"line":59},"2":{"name":"(anonymous_2)","decl":{"start":{"line":109,"column":2},"end":{"line":109,"column":3}},"loc":{"start":{"line":109,"column":36},"end":{"line":133,"column":3}},"line":109},"3":{"name":"(anonymous_3)","decl":{"start":{"line":111,"column":34},"end":{"line":111,"column":35}},"loc":{"start":{"line":111,"column":52},"end":{"line":120,"column":5}},"line":111},"4":{"name":"(anonymous_4)","decl":{"start":{"line":180,"column":2},"end":{"line":180,"column":3}},"loc":{"start":{"line":180,"column":27},"end":{"line":195,"column":3}},"line":180},"5":{"name":"(anonymous_5)","decl":{"start":{"line":209,"column":2},"end":{"line":209,"column":3}},"loc":{"start":{"line":209,"column":36},"end":{"line":234,"column":3}},"line":209},"6":{"name":"(anonymous_6)","decl":{"start":{"line":241,"column":2},"end":{"line":241,"column":3}},"loc":{"start":{"line":241,"column":30},"end":{"line":250,"column":3}},"line":241}},"branchMap":{"0":{"loc":{"start":{"line":25,"column":4},"end":{"line":26,"column":64}},"type":"if","locations":[{"start":{"line":25,"column":4},"end":{"line":26,"column":64}},{"start":{},"end":{}}],"line":25},"1":{"loc":{"start":{"line":62,"column":4},"end":{"line":64,"column":5}},"type":"if","locations":[{"start":{"line":62,"column":4},"end":{"line":64,"column":5}},{"start":{},"end":{}}],"line":62},"2":{"loc":{"start":{"line":112,"column":6},"end":{"line":119,"column":7}},"type":"if","locations":[{"start":{"line":112,"column":6},"end":{"line":119,"column":7}},{"start":{"line":114,"column":13},"end":{"line":119,"column":7}}],"line":112},"3":{"loc":{"start":{"line":114,"column":13},"end":{"line":119,"column":7}},"type":"if","locations":[{"start":{"line":114,"column":13},"end":{"line":119,"column":7}},{"start":{"line":116,"column":13},"end":{"line":119,"column":7}}],"line":114},"4":{"loc":{"start":{"line":116,"column":13},"end":{"line":119,"column":7}},"type":"if","locations":[{"start":{"line":116,"column":13},"end":{"line":119,"column":7}},{"start":{},"end":{}}],"line":116},"5":{"loc":{"start":{"line":122,"column":4},"end":{"line":124,"column":5}},"type":"if","locations":[{"start":{"line":122,"column":4},"end":{"line":124,"column":5}},{"start":{},"end":{}}],"line":122},"6":{"loc":{"start":{"line":127,"column":4},"end":{"line":129,"column":5}},"type":"if","locations":[{"start":{"line":127,"column":4},"end":{"line":129,"column":5}},{"start":{},"end":{}}],"line":127},"7":{"loc":{"start":{"line":192,"column":4},"end":{"line":192,"column":67}},"type":"if","locations":[{"start":{"line":192,"column":4},"end":{"line":192,"column":67}},{"start":{},"end":{}}],"line":192},"8":{"loc":{"start":{"line":231,"column":4},"end":{"line":231,"column":67}},"type":"if","locations":[{"start":{"line":231,"column":4},"end":{"line":231,"column":67}},{"start":{},"end":{}}],"line":231},"9":{"loc":{"start":{"line":249,"column":4},"end":{"line":249,"column":67}},"type":"if","locations":[{"start":{"line":249,"column":4},"end":{"line":249,"column":67}},{"start":{},"end":{}}],"line":249}},"s":{"0":5,"1":5,"2":5,"3":13,"4":13,"5":1,"6":12,"7":12,"8":12,"9":6,"10":1,"11":5,"12":5,"13":5,"14":5,"15":5,"16":5,"17":5,"18":7,"19":2,"20":5,"21":3,"22":2,"23":2,"24":2,"25":5,"26":2,"27":5,"28":5,"29":3,"30":5,"31":5,"32":5,"33":5,"34":2,"35":3,"36":6,"37":5,"38":5,"39":5,"40":5,"41":5,"42":2,"43":3,"44":4,"45":4,"46":4,"47":2,"48":5},"f":{"0":13,"1":6,"2":5,"3":7,"4":5,"5":6,"6":4},"b":{"0":[1,12],"1":[1,5],"2":[2,5],"3":[3,2],"4":[2,0],"5":[2,3],"6":[3,2],"7":[2,3],"8":[2,3],"9":[2,2]},"_coverageSchema":"1a1c01bbd47fc00a2c39e90264f33305004495a9","hash":"8c110115890f687a1a2366b69b86a1f786b96414"}
,"/Users/yagizulasoglu/Desktop/Rithm-Codes/express-jobly/models/user.js": {"path":"/Users/yagizulasoglu/Desktop/Rithm-Codes/express-jobly/models/user.js","statementMap":{"0":{"start":{"line":3,"column":11},"end":{"line":3,"column":27}},"1":{"start":{"line":4,"column":15},"end":{"line":4,"column":32}},"2":{"start":{"line":5,"column":32},"end":{"line":5,"column":57}},"3":{"start":{"line":10,"column":4},"end":{"line":10,"column":30}},"4":{"start":{"line":12,"column":31},"end":{"line":12,"column":54}},"5":{"start":{"line":26,"column":19},"end":{"line":35,"column":5}},"6":{"start":{"line":37,"column":17},"end":{"line":37,"column":31}},"7":{"start":{"line":39,"column":4},"end":{"line":46,"column":5}},"8":{"start":{"line":41,"column":22},"end":{"line":41,"column":67}},"9":{"start":{"line":42,"column":6},"end":{"line":45,"column":7}},"10":{"start":{"line":43,"column":8},"end":{"line":43,"column":29}},"11":{"start":{"line":44,"column":8},"end":{"line":44,"column":20}},"12":{"start":{"line":48,"column":4},"end":{"line":48,"column":61}},"13":{"start":{"line":60,"column":27},"end":{"line":64,"column":5}},"14":{"start":{"line":66,"column":4},"end":{"line":68,"column":5}},"15":{"start":{"line":67,"column":6},"end":{"line":67,"column":67}},"16":{"start":{"line":70,"column":27},"end":{"line":70,"column":74}},"17":{"start":{"line":72,"column":19},"end":{"line":94,"column":5}},"18":{"start":{"line":96,"column":17},"end":{"line":96,"column":31}},"19":{"start":{"line":98,"column":4},"end":{"line":98,"column":16}},"20":{"start":{"line":107,"column":19},"end":{"line":115,"column":5}},"21":{"start":{"line":117,"column":4},"end":{"line":117,"column":23}},"22":{"start":{"line":129,"column":20},"end":{"line":137,"column":5}},"23":{"start":{"line":139,"column":17},"end":{"line":139,"column":32}},"24":{"start":{"line":141,"column":4},"end":{"line":141,"column":63}},"25":{"start":{"line":141,"column":15},"end":{"line":141,"column":63}},"26":{"start":{"line":143,"column":4},"end":{"line":143,"column":16}},"27":{"start":{"line":164,"column":4},"end":{"line":166,"column":5}},"28":{"start":{"line":165,"column":6},"end":{"line":165,"column":75}},"29":{"start":{"line":168,"column":32},"end":{"line":174,"column":10}},"30":{"start":{"line":175,"column":27},"end":{"line":175,"column":52}},"31":{"start":{"line":177,"column":21},"end":{"line":185,"column":34}},"32":{"start":{"line":186,"column":19},"end":{"line":186,"column":66}},"33":{"start":{"line":187,"column":17},"end":{"line":187,"column":31}},"34":{"start":{"line":189,"column":4},"end":{"line":189,"column":63}},"35":{"start":{"line":189,"column":15},"end":{"line":189,"column":63}},"36":{"start":{"line":191,"column":4},"end":{"line":191,"column":25}},"37":{"start":{"line":192,"column":4},"end":{"line":192,"column":16}},"38":{"start":{"line":198,"column":17},"end":{"line":203,"column":5}},"39":{"start":{"line":204,"column":17},"end":{"line":204,"column":31}},"40":{"start":{"line":206,"column":4},"end":{"line":206,"column":63}},"41":{"start":{"line":206,"column":15},"end":{"line":206,"column":63}},"42":{"start":{"line":211,"column":0},"end":{"line":211,"column":22}}},"fnMap":{"0":{"name":"(anonymous_0)","decl":{"start":{"line":24,"column":2},"end":{"line":24,"column":3}},"loc":{"start":{"line":24,"column":48},"end":{"line":49,"column":3}},"line":24},"1":{"name":"(anonymous_1)","decl":{"start":{"line":58,"column":2},"end":{"line":58,"column":3}},"loc":{"start":{"line":59,"column":67},"end":{"line":99,"column":3}},"line":59},"2":{"name":"(anonymous_2)","decl":{"start":{"line":106,"column":2},"end":{"line":106,"column":3}},"loc":{"start":{"line":106,"column":25},"end":{"line":118,"column":3}},"line":106},"3":{"name":"(anonymous_3)","decl":{"start":{"line":128,"column":2},"end":{"line":128,"column":3}},"loc":{"start":{"line":128,"column":29},"end":{"line":144,"column":3}},"line":128},"4":{"name":"(anonymous_4)","decl":{"start":{"line":163,"column":2},"end":{"line":163,"column":3}},"loc":{"start":{"line":163,"column":38},"end":{"line":193,"column":3}},"line":163},"5":{"name":"(anonymous_5)","decl":{"start":{"line":197,"column":2},"end":{"line":197,"column":3}},"loc":{"start":{"line":197,"column":32},"end":{"line":207,"column":3}},"line":197}},"branchMap":{"0":{"loc":{"start":{"line":39,"column":4},"end":{"line":46,"column":5}},"type":"if","locations":[{"start":{"line":39,"column":4},"end":{"line":46,"column":5}},{"start":{},"end":{}}],"line":39},"1":{"loc":{"start":{"line":42,"column":6},"end":{"line":45,"column":7}},"type":"if","locations":[{"start":{"line":42,"column":6},"end":{"line":45,"column":7}},{"start":{},"end":{}}],"line":42},"2":{"loc":{"start":{"line":66,"column":4},"end":{"line":68,"column":5}},"type":"if","locations":[{"start":{"line":66,"column":4},"end":{"line":68,"column":5}},{"start":{},"end":{}}],"line":66},"3":{"loc":{"start":{"line":141,"column":4},"end":{"line":141,"column":63}},"type":"if","locations":[{"start":{"line":141,"column":4},"end":{"line":141,"column":63}},{"start":{},"end":{}}],"line":141},"4":{"loc":{"start":{"line":164,"column":4},"end":{"line":166,"column":5}},"type":"if","locations":[{"start":{"line":164,"column":4},"end":{"line":166,"column":5}},{"start":{},"end":{}}],"line":164},"5":{"loc":{"start":{"line":189,"column":4},"end":{"line":189,"column":63}},"type":"if","locations":[{"start":{"line":189,"column":4},"end":{"line":189,"column":63}},{"start":{},"end":{}}],"line":189},"6":{"loc":{"start":{"line":206,"column":4},"end":{"line":206,"column":63}},"type":"if","locations":[{"start":{"line":206,"column":4},"end":{"line":206,"column":63}},{"start":{},"end":{}}],"line":206}},"s":{"0":5,"1":5,"2":5,"3":5,"4":5,"5":7,"6":7,"7":7,"8":4,"9":4,"10":3,"11":3,"12":4,"13":16,"14":16,"15":1,"16":15,"17":15,"18":15,"19":15,"20":2,"21":2,"22":4,"23":4,"24":4,"25":2,"26":2,"27":7,"28":2,"29":7,"30":6,"31":6,"32":6,"33":6,"34":6,"35":2,"36":4,"37":4,"38":4,"39":4,"40":4,"41":2,"42":5},"f":{"0":7,"1":16,"2":2,"3":4,"4":7,"5":4},"b":{"0":[4,3],"1":[3,1],"2":[1,15],"3":[2,2],"4":[2,5],"5":[2,4],"6":[2,2]},"_coverageSchema":"1a1c01bbd47fc00a2c39e90264f33305004495a9","hash":"b3765297dd1a45542f7858111b55a77bd3e44e67"}
,"/Users/yagizulasoglu/Desktop/Rithm-Codes/express-jobly/routes/_testCommon.js": {"path":"/Users/yagizulasoglu/Desktop/Rithm-Codes/express-jobly/routes/_testCommon.js","statementMap":{"0":{"start":{"line":3,"column":11},"end":{"line":3,"column":30}},"1":{"start":{"line":4,"column":13},"end":{"line":4,"column":38}},"2":{"start":{"line":5,"column":16},"end":{"line":5,"column":44}},"3":{"start":{"line":6,"column":24},"end":{"line":6,"column":52}},"4":{"start":{"line":10,"column":2},"end":{"line":10,"column":38}},"5":{"start":{"line":12,"column":2},"end":{"line":12,"column":42}},"6":{"start":{"line":14,"column":2},"end":{"line":21,"column":9}},"7":{"start":{"line":22,"column":2},"end":{"line":29,"column":9}},"8":{"start":{"line":30,"column":2},"end":{"line":37,"column":9}},"9":{"start":{"line":39,"column":2},"end":{"line":46,"column":5}},"10":{"start":{"line":47,"column":2},"end":{"line":54,"column":5}},"11":{"start":{"line":55,"column":2},"end":{"line":62,"column":5}},"12":{"start":{"line":66,"column":2},"end":{"line":66,"column":26}},"13":{"start":{"line":70,"column":2},"end":{"line":70,"column":29}},"14":{"start":{"line":74,"column":2},"end":{"line":74,"column":17}},"15":{"start":{"line":78,"column":16},"end":{"line":78,"column":63}},"16":{"start":{"line":81,"column":0},"end":{"line":87,"column":2}}},"fnMap":{"0":{"name":"commonBeforeAll","decl":{"start":{"line":8,"column":15},"end":{"line":8,"column":30}},"loc":{"start":{"line":8,"column":33},"end":{"line":63,"column":1}},"line":8},"1":{"name":"commonBeforeEach","decl":{"start":{"line":65,"column":15},"end":{"line":65,"column":31}},"loc":{"start":{"line":65,"column":34},"end":{"line":67,"column":1}},"line":65},"2":{"name":"commonAfterEach","decl":{"start":{"line":69,"column":15},"end":{"line":69,"column":30}},"loc":{"start":{"line":69,"column":33},"end":{"line":71,"column":1}},"line":69},"3":{"name":"commonAfterAll","decl":{"start":{"line":73,"column":15},"end":{"line":73,"column":29}},"loc":{"start":{"line":73,"column":32},"end":{"line":75,"column":1}},"line":73}},"branchMap":{},"s":{"0":3,"1":3,"2":3,"3":3,"4":3,"5":3,"6":3,"7":3,"8":3,"9":3,"10":3,"11":3,"12":44,"13":44,"14":3,"15":3,"16":3},"f":{"0":3,"1":44,"2":44,"3":3},"b":{},"_coverageSchema":"1a1c01bbd47fc00a2c39e90264f33305004495a9","hash":"975713effe8202ab92e5d08eb2e67a62e641f2ea"}
,"/Users/yagizulasoglu/Desktop/Rithm-Codes/express-jobly/routes/auth.js": {"path":"/Users/yagizulasoglu/Desktop/Rithm-Codes/express-jobly/routes/auth.js","statementMap":{"0":{"start":{"line":5,"column":19},"end":{"line":5,"column":40}},"1":{"start":{"line":7,"column":13},"end":{"line":7,"column":38}},"2":{"start":{"line":8,"column":16},"end":{"line":8,"column":34}},"3":{"start":{"line":9,"column":15},"end":{"line":9,"column":35}},"4":{"start":{"line":10,"column":24},"end":{"line":10,"column":52}},"5":{"start":{"line":11,"column":23},"end":{"line":11,"column":58}},"6":{"start":{"line":12,"column":27},"end":{"line":12,"column":66}},"7":{"start":{"line":13,"column":28},"end":{"line":13,"column":54}},"8":{"start":{"line":24,"column":0},"end":{"line":39,"column":3}},"9":{"start":{"line":25,"column":20},"end":{"line":29,"column":3}},"10":{"start":{"line":30,"column":2},"end":{"line":33,"column":3}},"11":{"start":{"line":31,"column":17},"end":{"line":31,"column":51}},"12":{"start":{"line":31,"column":43},"end":{"line":31,"column":50}},"13":{"start":{"line":32,"column":4},"end":{"line":32,"column":36}},"14":{"start":{"line":35,"column":33},"end":{"line":35,"column":41}},"15":{"start":{"line":36,"column":15},"end":{"line":36,"column":58}},"16":{"start":{"line":37,"column":16},"end":{"line":37,"column":33}},"17":{"start":{"line":38,"column":2},"end":{"line":38,"column":29}},"18":{"start":{"line":52,"column":0},"end":{"line":66,"column":3}},"19":{"start":{"line":53,"column":20},"end":{"line":57,"column":3}},"20":{"start":{"line":58,"column":2},"end":{"line":61,"column":3}},"21":{"start":{"line":59,"column":17},"end":{"line":59,"column":51}},"22":{"start":{"line":59,"column":43},"end":{"line":59,"column":50}},"23":{"start":{"line":60,"column":4},"end":{"line":60,"column":36}},"24":{"start":{"line":63,"column":18},"end":{"line":63,"column":70}},"25":{"start":{"line":64,"column":16},"end":{"line":64,"column":36}},"26":{"start":{"line":65,"column":2},"end":{"line":65,"column":41}},"27":{"start":{"line":69,"column":0},"end":{"line":69,"column":24}}},"fnMap":{"0":{"name":"(anonymous_0)","decl":{"start":{"line":24,"column":22},"end":{"line":24,"column":23}},"loc":{"start":{"line":24,"column":54},"end":{"line":39,"column":1}},"line":24},"1":{"name":"(anonymous_1)","decl":{"start":{"line":31,"column":38},"end":{"line":31,"column":39}},"loc":{"start":{"line":31,"column":43},"end":{"line":31,"column":50}},"line":31},"2":{"name":"(anonymous_2)","decl":{"start":{"line":52,"column":25},"end":{"line":52,"column":26}},"loc":{"start":{"line":52,"column":57},"end":{"line":66,"column":1}},"line":52},"3":{"name":"(anonymous_3)","decl":{"start":{"line":59,"column":38},"end":{"line":59,"column":39}},"loc":{"start":{"line":59,"column":43},"end":{"line":59,"column":50}},"line":59}},"branchMap":{"0":{"loc":{"start":{"line":30,"column":2},"end":{"line":33,"column":3}},"type":"if","locations":[{"start":{"line":30,"column":2},"end":{"line":33,"column":3}},{"start":{},"end":{}}],"line":30},"1":{"loc":{"start":{"line":58,"column":2},"end":{"line":61,"column":3}},"type":"if","locations":[{"start":{"line":58,"column":2},"end":{"line":61,"column":3}},{"start":{},"end":{}}],"line":58}},"s":{"0":4,"1":4,"2":4,"3":4,"4":4,"5":4,"6":4,"7":4,"8":4,"9":5,"10":5,"11":2,"12":2,"13":2,"14":3,"15":3,"16":1,"17":1,"18":4,"19":3,"20":3,"21":2,"22":5,"23":2,"24":1,"25":1,"26":1,"27":4},"f":{"0":5,"1":2,"2":3,"3":5},"b":{"0":[2,3],"1":[2,1]},"_coverageSchema":"1a1c01bbd47fc00a2c39e90264f33305004495a9","hash":"70d382eb5db958465d5f85bd82894e3c1057edd2"}
,"/Users/yagizulasoglu/Desktop/Rithm-Codes/express-jobly/routes/companies.js": {"path":"/Users/yagizulasoglu/Desktop/Rithm-Codes/express-jobly/routes/companies.js","statementMap":{"0":{"start":{"line":5,"column":19},"end":{"line":5,"column":40}},"1":{"start":{"line":6,"column":16},"end":{"line":6,"column":34}},"2":{"start":{"line":8,"column":28},"end":{"line":8,"column":54}},"3":{"start":{"line":9,"column":27},"end":{"line":9,"column":56}},"4":{"start":{"line":10,"column":16},"end":{"line":10,"column":44}},"5":{"start":{"line":12,"column":25},"end":{"line":12,"column":62}},"6":{"start":{"line":13,"column":28},"end":{"line":13,"column":68}},"7":{"start":{"line":14,"column":28},"end":{"line":14,"column":68}},"8":{"start":{"line":16,"column":15},"end":{"line":16,"column":35}},"9":{"start":{"line":28,"column":0},"end":{"line":41,"column":3}},"10":{"start":{"line":29,"column":20},"end":{"line":33,"column":3}},"11":{"start":{"line":34,"column":2},"end":{"line":37,"column":3}},"12":{"start":{"line":35,"column":17},"end":{"line":35,"column":51}},"13":{"start":{"line":35,"column":43},"end":{"line":35,"column":50}},"14":{"start":{"line":36,"column":4},"end":{"line":36,"column":36}},"15":{"start":{"line":39,"column":18},"end":{"line":39,"column":48}},"16":{"start":{"line":40,"column":2},"end":{"line":40,"column":43}},"17":{"start":{"line":55,"column":0},"end":{"line":82,"column":3}},"18":{"start":{"line":57,"column":18},"end":{"line":57,"column":27}},"19":{"start":{"line":58,"column":2},"end":{"line":60,"column":3}},"20":{"start":{"line":59,"column":4},"end":{"line":59,"column":58}},"21":{"start":{"line":61,"column":2},"end":{"line":63,"column":3}},"22":{"start":{"line":62,"column":4},"end":{"line":62,"column":58}},"23":{"start":{"line":65,"column":20},"end":{"line":69,"column":3}},"24":{"start":{"line":71,"column":2},"end":{"line":74,"column":3}},"25":{"start":{"line":72,"column":17},"end":{"line":72,"column":51}},"26":{"start":{"line":72,"column":43},"end":{"line":72,"column":50}},"27":{"start":{"line":73,"column":4},"end":{"line":73,"column":36}},"28":{"start":{"line":76,"column":20},"end":{"line":76,"column":52}},"29":{"start":{"line":81,"column":2},"end":{"line":81,"column":33}},"30":{"start":{"line":92,"column":0},"end":{"line":95,"column":3}},"31":{"start":{"line":93,"column":18},"end":{"line":93,"column":54}},"32":{"start":{"line":94,"column":2},"end":{"line":94,"column":31}},"33":{"start":{"line":108,"column":0},"end":{"line":121,"column":3}},"34":{"start":{"line":109,"column":20},"end":{"line":113,"column":3}},"35":{"start":{"line":114,"column":2},"end":{"line":117,"column":3}},"36":{"start":{"line":115,"column":17},"end":{"line":115,"column":51}},"37":{"start":{"line":115,"column":43},"end":{"line":115,"column":50}},"38":{"start":{"line":116,"column":4},"end":{"line":116,"column":36}},"39":{"start":{"line":119,"column":18},"end":{"line":119,"column":67}},"40":{"start":{"line":120,"column":2},"end":{"line":120,"column":31}},"41":{"start":{"line":128,"column":0},"end":{"line":131,"column":3}},"42":{"start":{"line":129,"column":2},"end":{"line":129,"column":42}},"43":{"start":{"line":130,"column":2},"end":{"line":130,"column":50}},"44":{"start":{"line":134,"column":0},"end":{"line":134,"column":24}}},"fnMap":{"0":{"name":"(anonymous_0)","decl":{"start":{"line":28,"column":33},"end":{"line":28,"column":34}},"loc":{"start":{"line":28,"column":65},"end":{"line":41,"column":1}},"line":28},"1":{"name":"(anonymous_1)","decl":{"start":{"line":35,"column":38},"end":{"line":35,"column":39}},"loc":{"start":{"line":35,"column":43},"end":{"line":35,"column":50}},"line":35},"2":{"name":"(anonymous_2)","decl":{"start":{"line":55,"column":16},"end":{"line":55,"column":17}},"loc":{"start":{"line":55,"column":48},"end":{"line":82,"column":1}},"line":55},"3":{"name":"(anonymous_3)","decl":{"start":{"line":72,"column":38},"end":{"line":72,"column":39}},"loc":{"start":{"line":72,"column":43},"end":{"line":72,"column":50}},"line":72},"4":{"name":"(anonymous_4)","decl":{"start":{"line":92,"column":23},"end":{"line":92,"column":24}},"loc":{"start":{"line":92,"column":55},"end":{"line":95,"column":1}},"line":92},"5":{"name":"(anonymous_5)","decl":{"start":{"line":108,"column":41},"end":{"line":108,"column":42}},"loc":{"start":{"line":108,"column":73},"end":{"line":121,"column":1}},"line":108},"6":{"name":"(anonymous_6)","decl":{"start":{"line":115,"column":38},"end":{"line":115,"column":39}},"loc":{"start":{"line":115,"column":43},"end":{"line":115,"column":50}},"line":115},"7":{"name":"(anonymous_7)","decl":{"start":{"line":128,"column":42},"end":{"line":128,"column":43}},"loc":{"start":{"line":128,"column":74},"end":{"line":131,"column":1}},"line":128}},"branchMap":{"0":{"loc":{"start":{"line":34,"column":2},"end":{"line":37,"column":3}},"type":"if","locations":[{"start":{"line":34,"column":2},"end":{"line":37,"column":3}},{"start":{},"end":{}}],"line":34},"1":{"loc":{"start":{"line":58,"column":2},"end":{"line":60,"column":3}},"type":"if","locations":[{"start":{"line":58,"column":2},"end":{"line":60,"column":3}},{"start":{},"end":{}}],"line":58},"2":{"loc":{"start":{"line":61,"column":2},"end":{"line":63,"column":3}},"type":"if","locations":[{"start":{"line":61,"column":2},"end":{"line":63,"column":3}},{"start":{},"end":{}}],"line":61},"3":{"loc":{"start":{"line":71,"column":2},"end":{"line":74,"column":3}},"type":"if","locations":[{"start":{"line":71,"column":2},"end":{"line":74,"column":3}},{"start":{},"end":{}}],"line":71},"4":{"loc":{"start":{"line":114,"column":2},"end":{"line":117,"column":3}},"type":"if","locations":[{"start":{"line":114,"column":2},"end":{"line":117,"column":3}},{"start":{},"end":{}}],"line":114}},"s":{"0":4,"1":4,"2":4,"3":4,"4":4,"5":4,"6":4,"7":4,"8":4,"9":4,"10":3,"11":3,"12":2,"13":3,"14":2,"15":1,"16":1,"17":4,"18":4,"19":4,"20":3,"21":4,"22":2,"23":4,"24":4,"25":2,"26":2,"27":2,"28":2,"29":2,"30":4,"31":3,"32":2,"33":4,"34":4,"35":4,"36":2,"37":2,"38":2,"39":2,"40":1,"41":4,"42":2,"43":1,"44":4},"f":{"0":3,"1":3,"2":4,"3":2,"4":3,"5":4,"6":2,"7":2},"b":{"0":[2,1],"1":[3,1],"2":[2,2],"3":[2,2],"4":[2,2]},"_coverageSchema":"1a1c01bbd47fc00a2c39e90264f33305004495a9","hash":"bba661704261ca7b3f0b2a10fa4685037d29d8c7"}
,"/Users/yagizulasoglu/Desktop/Rithm-Codes/express-jobly/routes/users.js": {"path":"/Users/yagizulasoglu/Desktop/Rithm-Codes/express-jobly/routes/users.js","statementMap":{"0":{"start":{"line":5,"column":19},"end":{"line":5,"column":40}},"1":{"start":{"line":7,"column":16},"end":{"line":7,"column":34}},"2":{"start":{"line":8,"column":27},"end":{"line":8,"column":56}},"3":{"start":{"line":9,"column":28},"end":{"line":9,"column":54}},"4":{"start":{"line":10,"column":13},"end":{"line":10,"column":38}},"5":{"start":{"line":11,"column":24},"end":{"line":11,"column":52}},"6":{"start":{"line":12,"column":22},"end":{"line":12,"column":56}},"7":{"start":{"line":13,"column":25},"end":{"line":13,"column":62}},"8":{"start":{"line":15,"column":15},"end":{"line":15,"column":31}},"9":{"start":{"line":30,"column":0},"end":{"line":44,"column":3}},"10":{"start":{"line":31,"column":20},"end":{"line":35,"column":3}},"11":{"start":{"line":36,"column":2},"end":{"line":39,"column":3}},"12":{"start":{"line":37,"column":17},"end":{"line":37,"column":51}},"13":{"start":{"line":37,"column":43},"end":{"line":37,"column":50}},"14":{"start":{"line":38,"column":4},"end":{"line":38,"column":36}},"15":{"start":{"line":41,"column":15},"end":{"line":41,"column":44}},"16":{"start":{"line":42,"column":16},"end":{"line":42,"column":33}},"17":{"start":{"line":43,"column":2},"end":{"line":43,"column":47}},"18":{"start":{"line":54,"column":0},"end":{"line":57,"column":3}},"19":{"start":{"line":55,"column":16},"end":{"line":55,"column":36}},"20":{"start":{"line":56,"column":2},"end":{"line":56,"column":29}},"21":{"start":{"line":67,"column":0},"end":{"line":70,"column":3}},"22":{"start":{"line":68,"column":15},"end":{"line":68,"column":50}},"23":{"start":{"line":69,"column":2},"end":{"line":69,"column":28}},"24":{"start":{"line":83,"column":0},"end":{"line":96,"column":3}},"25":{"start":{"line":84,"column":20},"end":{"line":88,"column":3}},"26":{"start":{"line":89,"column":2},"end":{"line":92,"column":3}},"27":{"start":{"line":90,"column":17},"end":{"line":90,"column":51}},"28":{"start":{"line":90,"column":43},"end":{"line":90,"column":50}},"29":{"start":{"line":91,"column":4},"end":{"line":91,"column":36}},"30":{"start":{"line":94,"column":15},"end":{"line":94,"column":63}},"31":{"start":{"line":95,"column":2},"end":{"line":95,"column":28}},"32":{"start":{"line":104,"column":0},"end":{"line":107,"column":3}},"33":{"start":{"line":105,"column":2},"end":{"line":105,"column":41}},"34":{"start":{"line":106,"column":2},"end":{"line":106,"column":52}},"35":{"start":{"line":110,"column":0},"end":{"line":110,"column":24}}},"fnMap":{"0":{"name":"(anonymous_0)","decl":{"start":{"line":30,"column":33},"end":{"line":30,"column":34}},"loc":{"start":{"line":30,"column":65},"end":{"line":44,"column":1}},"line":30},"1":{"name":"(anonymous_1)","decl":{"start":{"line":37,"column":38},"end":{"line":37,"column":39}},"loc":{"start":{"line":37,"column":43},"end":{"line":37,"column":50}},"line":37},"2":{"name":"(anonymous_2)","decl":{"start":{"line":54,"column":32},"end":{"line":54,"column":33}},"loc":{"start":{"line":54,"column":64},"end":{"line":57,"column":1}},"line":54},"3":{"name":"(anonymous_3)","decl":{"start":{"line":67,"column":41},"end":{"line":67,"column":42}},"loc":{"start":{"line":67,"column":73},"end":{"line":70,"column":1}},"line":67},"4":{"name":"(anonymous_4)","decl":{"start":{"line":83,"column":43},"end":{"line":83,"column":44}},"loc":{"start":{"line":83,"column":75},"end":{"line":96,"column":1}},"line":83},"5":{"name":"(anonymous_5)","decl":{"start":{"line":90,"column":38},"end":{"line":90,"column":39}},"loc":{"start":{"line":90,"column":43},"end":{"line":90,"column":50}},"line":90},"6":{"name":"(anonymous_6)","decl":{"start":{"line":104,"column":44},"end":{"line":104,"column":45}},"loc":{"start":{"line":104,"column":76},"end":{"line":107,"column":1}},"line":104}},"branchMap":{"0":{"loc":{"start":{"line":36,"column":2},"end":{"line":39,"column":3}},"type":"if","locations":[{"start":{"line":36,"column":2},"end":{"line":39,"column":3}},{"start":{},"end":{}}],"line":36},"1":{"loc":{"start":{"line":89,"column":2},"end":{"line":92,"column":3}},"type":"if","locations":[{"start":{"line":89,"column":2},"end":{"line":92,"column":3}},{"start":{},"end":{}}],"line":89}},"s":{"0":4,"1":4,"2":4,"3":4,"4":4,"5":4,"6":4,"7":4,"8":4,"9":4,"10":4,"11":4,"12":2,"13":5,"14":2,"15":2,"16":2,"17":2,"18":4,"19":1,"20":1,"21":4,"22":2,"23":1,"24":4,"25":4,"26":4,"27":1,"28":1,"29":1,"30":3,"31":2,"32":4,"33":2,"34":1,"35":4},"f":{"0":4,"1":5,"2":1,"3":2,"4":4,"5":1,"6":2},"b":{"0":[2,2],"1":[1,3]},"_coverageSchema":"1a1c01bbd47fc00a2c39e90264f33305004495a9","hash":"454aaf55fe4ad3581d209e5fdc82be888cfa117c"}
}
